1772438665.398718 client started (37685): version 3.2a, socket /tmp/tmux-0/default, protocol 8
1772438665.398731 on Linux 4.19.90-2107.6.0.0192.8.oe1.bclinux.x86_64 #1 SMP Fri Mar 24 10:04:47 CST 2023
1772438665.398735 using libevent 2.1.12-stable (poll); ncurses 6.3
1772438665.398744 flags are 0x18010000
1772438665.398747 socket is /tmp/tmux-0/default
1772438665.398753 trying connect
1772438665.398793 add peer 0x555bf4e2cc50: 6 ((nil))
1772438665.398988 sending message 100 to peer 0x555bf4e2cc50 (4 bytes)
1772438665.398995 sending message 111 to peer 0x555bf4e2cc50 (8 bytes)
1772438665.398997 sending message 101 to peer 0x555bf4e2cc50 (15 bytes)
1772438665.399000 sending message 109 to peer 0x555bf4e2cc50 (4 bytes)
1772438665.399002 sending message 102 to peer 0x555bf4e2cc50 (11 bytes)
1772438665.399004 sending message 108 to peer 0x555bf4e2cc50 (17 bytes)
1772438665.399006 sending message 112 to peer 0x555bf4e2cc50 (58 bytes)
1772438665.399009 sending message 112 to peer 0x555bf4e2cc50 (5 bytes)
1772438665.399012 sending message 112 to peer 0x555bf4e2cc50 (5 bytes)
1772438665.399014 sending message 112 to peer 0x555bf4e2cc50 (6 bytes)
1772438665.399016 sending message 112 to peer 0x555bf4e2cc50 (6 bytes)
1772438665.399019 sending message 112 to peer 0x555bf4e2cc50 (11 bytes)
1772438665.399021 sending message 112 to peer 0x555bf4e2cc50 (10 bytes)
1772438665.399024 sending message 112 to peer 0x555bf4e2cc50 (13 bytes)
1772438665.399026 sending message 112 to peer 0x555bf4e2cc50 (14 bytes)
1772438665.399028 sending message 112 to peer 0x555bf4e2cc50 (19 bytes)
1772438665.399030 sending message 112 to peer 0x555bf4e2cc50 (11 bytes)
1772438665.399033 sending message 112 to peer 0x555bf4e2cc50 (10 bytes)
1772438665.399036 sending message 112 to peer 0x555bf4e2cc50 (15 bytes)
1772438665.399038 sending message 112 to peer 0x555bf4e2cc50 (21 bytes)
1772438665.399040 sending message 112 to peer 0x555bf4e2cc50 (13 bytes)
1772438665.399043 sending message 112 to peer 0x555bf4e2cc50 (7 bytes)
1772438665.399045 sending message 112 to peer 0x555bf4e2cc50 (13 bytes)
1772438665.399047 sending message 112 to peer 0x555bf4e2cc50 (7 bytes)
1772438665.399049 sending message 112 to peer 0x555bf4e2cc50 (13 bytes)
1772438665.399052 sending message 112 to peer 0x555bf4e2cc50 (9 bytes)
1772438665.399054 sending message 112 to peer 0x555bf4e2cc50 (21 bytes)
1772438665.399056 sending message 112 to peer 0x555bf4e2cc50 (13 bytes)
1772438665.399059 sending message 112 to peer 0x555bf4e2cc50 (9 bytes)
1772438665.399061 sending message 112 to peer 0x555bf4e2cc50 (16 bytes)
1772438665.399064 sending message 112 to peer 0x555bf4e2cc50 (13 bytes)
1772438665.399066 sending message 112 to peer 0x555bf4e2cc50 (9 bytes)
1772438665.399068 sending message 112 to peer 0x555bf4e2cc50 (9 bytes)
1772438665.399070 sending message 112 to peer 0x555bf4e2cc50 (12 bytes)
1772438665.399073 sending message 112 to peer 0x555bf4e2cc50 (8 bytes)
1772438665.399075 sending message 112 to peer 0x555bf4e2cc50 (8 bytes)
1772438665.399077 sending message 112 to peer 0x555bf4e2cc50 (13 bytes)
1772438665.399080 sending message 112 to peer 0x555bf4e2cc50 (7 bytes)
1772438665.399082 sending message 112 to peer 0x555bf4e2cc50 (7 bytes)
1772438665.399084 sending message 112 to peer 0x555bf4e2cc50 (9 bytes)
1772438665.399086 sending message 112 to peer 0x555bf4e2cc50 (9 bytes)
1772438665.399089 sending message 112 to peer 0x555bf4e2cc50 (15 bytes)
1772438665.399091 sending message 112 to peer 0x555bf4e2cc50 (13 bytes)
1772438665.399094 sending message 112 to peer 0x555bf4e2cc50 (12 bytes)
1772438665.399096 sending message 112 to peer 0x555bf4e2cc50 (8 bytes)
1772438665.399098 sending message 112 to peer 0x555bf4e2cc50 (14 bytes)
1772438665.399100 sending message 112 to peer 0x555bf4e2cc50 (11 bytes)
1772438665.399103 sending message 112 to peer 0x555bf4e2cc50 (9 bytes)
1772438665.399105 sending message 112 to peer 0x555bf4e2cc50 (10 bytes)
1772438665.399108 sending message 112 to peer 0x555bf4e2cc50 (10 bytes)
1772438665.399110 sending message 112 to peer 0x555bf4e2cc50 (10 bytes)
1772438665.399112 sending message 112 to peer 0x555bf4e2cc50 (10 bytes)
1772438665.399118 sending message 112 to peer 0x555bf4e2cc50 (11 bytes)
1772438665.399120 sending message 112 to peer 0x555bf4e2cc50 (12 bytes)
1772438665.399123 sending message 112 to peer 0x555bf4e2cc50 (12 bytes)
1772438665.399125 sending message 112 to peer 0x555bf4e2cc50 (12 bytes)
1772438665.399127 sending message 112 to peer 0x555bf4e2cc50 (12 bytes)
1772438665.399130 sending message 112 to peer 0x555bf4e2cc50 (12 bytes)
1772438665.399132 sending message 112 to peer 0x555bf4e2cc50 (11 bytes)
1772438665.399135 sending message 112 to peer 0x555bf4e2cc50 (11 bytes)
1772438665.399137 sending message 112 to peer 0x555bf4e2cc50 (12 bytes)
1772438665.399139 sending message 112 to peer 0x555bf4e2cc50 (12 bytes)
1772438665.399142 sending message 112 to peer 0x555bf4e2cc50 (12 bytes)
1772438665.399144 sending message 112 to peer 0x555bf4e2cc50 (12 bytes)
1772438665.399146 sending message 112 to peer 0x555bf4e2cc50 (12 bytes)
1772438665.399149 sending message 112 to peer 0x555bf4e2cc50 (9 bytes)
1772438665.399151 sending message 112 to peer 0x555bf4e2cc50 (12 bytes)
1772438665.399153 sending message 112 to peer 0x555bf4e2cc50 (13 bytes)
1772438665.399155 sending message 112 to peer 0x555bf4e2cc50 (13 bytes)
1772438665.399158 sending message 112 to peer 0x555bf4e2cc50 (13 bytes)
1772438665.399160 sending message 112 to peer 0x555bf4e2cc50 (13 bytes)
1772438665.399162 sending message 112 to peer 0x555bf4e2cc50 (13 bytes)
1772438665.399165 sending message 112 to peer 0x555bf4e2cc50 (8 bytes)
1772438665.399168 sending message 112 to peer 0x555bf4e2cc50 (11 bytes)
1772438665.399170 sending message 112 to peer 0x555bf4e2cc50 (11 bytes)
1772438665.399178 sending message 112 to peer 0x555bf4e2cc50 (11 bytes)
1772438665.399181 sending message 112 to peer 0x555bf4e2cc50 (12 bytes)
1772438665.399185 sending message 112 to peer 0x555bf4e2cc50 (12 bytes)
1772438665.399187 sending message 112 to peer 0x555bf4e2cc50 (12 bytes)
1772438665.399189 sending message 112 to peer 0x555bf4e2cc50 (12 bytes)
1772438665.399191 sending message 112 to peer 0x555bf4e2cc50 (13 bytes)
1772438665.399193 sending message 112 to peer 0x555bf4e2cc50 (13 bytes)
1772438665.399196 sending message 112 to peer 0x555bf4e2cc50 (13 bytes)
1772438665.399198 sending message 112 to peer 0x555bf4e2cc50 (8 bytes)
1772438665.399201 sending message 112 to peer 0x555bf4e2cc50 (13 bytes)
1772438665.399203 sending message 112 to peer 0x555bf4e2cc50 (13 bytes)
1772438665.399205 sending message 112 to peer 0x555bf4e2cc50 (13 bytes)
1772438665.399207 sending message 112 to peer 0x555bf4e2cc50 (13 bytes)
1772438665.399210 sending message 112 to peer 0x555bf4e2cc50 (13 bytes)
1772438665.399213 sending message 112 to peer 0x555bf4e2cc50 (12 bytes)
1772438665.399215 sending message 112 to peer 0x555bf4e2cc50 (12 bytes)
1772438665.399217 sending message 112 to peer 0x555bf4e2cc50 (12 bytes)
1772438665.399219 sending message 112 to peer 0x555bf4e2cc50 (12 bytes)
1772438665.399221 sending message 112 to peer 0x555bf4e2cc50 (13 bytes)
1772438665.399224 sending message 112 to peer 0x555bf4e2cc50 (8 bytes)
1772438665.399226 sending message 112 to peer 0x555bf4e2cc50 (13 bytes)
1772438665.399228 sending message 112 to peer 0x555bf4e2cc50 (13 bytes)
1772438665.399230 sending message 112 to peer 0x555bf4e2cc50 (13 bytes)
1772438665.399233 sending message 112 to peer 0x555bf4e2cc50 (13 bytes)
1772438665.399235 sending message 112 to peer 0x555bf4e2cc50 (13 bytes)
1772438665.399237 sending message 112 to peer 0x555bf4e2cc50 (13 bytes)
1772438665.399240 sending message 112 to peer 0x555bf4e2cc50 (13 bytes)
1772438665.399242 sending message 112 to peer 0x555bf4e2cc50 (12 bytes)
1772438665.399244 sending message 112 to peer 0x555bf4e2cc50 (12 bytes)
1772438665.399246 sending message 112 to peer 0x555bf4e2cc50 (12 bytes)
1772438665.399249 sending message 112 to peer 0x555bf4e2cc50 (8 bytes)
1772438665.399252 sending message 112 to peer 0x555bf4e2cc50 (12 bytes)
1772438665.399254 sending message 112 to peer 0x555bf4e2cc50 (13 bytes)
1772438665.399256 sending message 112 to peer 0x555bf4e2cc50 (13 bytes)
1772438665.399259 sending message 112 to peer 0x555bf4e2cc50 (13 bytes)
1772438665.399262 sending message 112 to peer 0x555bf4e2cc50 (13 bytes)
1772438665.399265 sending message 112 to peer 0x555bf4e2cc50 (13 bytes)
1772438665.399267 sending message 112 to peer 0x555bf4e2cc50 (13 bytes)
1772438665.399269 sending message 112 to peer 0x555bf4e2cc50 (13 bytes)
1772438665.399271 sending message 112 to peer 0x555bf4e2cc50 (13 bytes)
1772438665.399273 sending message 112 to peer 0x555bf4e2cc50 (12 bytes)
1772438665.399276 sending message 112 to peer 0x555bf4e2cc50 (10 bytes)
1772438665.399278 sending message 112 to peer 0x555bf4e2cc50 (12 bytes)
1772438665.399281 sending message 112 to peer 0x555bf4e2cc50 (12 bytes)
1772438665.399283 sending message 112 to peer 0x555bf4e2cc50 (12 bytes)
1772438665.399285 sending message 112 to peer 0x555bf4e2cc50 (13 bytes)
1772438665.399287 sending message 112 to peer 0x555bf4e2cc50 (13 bytes)
1772438665.399290 sending message 112 to peer 0x555bf4e2cc50 (13 bytes)
1772438665.399292 sending message 112 to peer 0x555bf4e2cc50 (13 bytes)
1772438665.399294 sending message 112 to peer 0x555bf4e2cc50 (13 bytes)
1772438665.399296 sending message 112 to peer 0x555bf4e2cc50 (13 bytes)
1772438665.399298 sending message 112 to peer 0x555bf4e2cc50 (13 bytes)
1772438665.399301 sending message 112 to peer 0x555bf4e2cc50 (10 bytes)
1772438665.399303 sending message 112 to peer 0x555bf4e2cc50 (13 bytes)
1772438665.399306 sending message 112 to peer 0x555bf4e2cc50 (12 bytes)
1772438665.399308 sending message 112 to peer 0x555bf4e2cc50 (12 bytes)
1772438665.399310 sending message 112 to peer 0x555bf4e2cc50 (12 bytes)
1772438665.399312 sending message 112 to peer 0x555bf4e2cc50 (10 bytes)
1772438665.399315 sending message 112 to peer 0x555bf4e2cc50 (10 bytes)
1772438665.399317 sending message 112 to peer 0x555bf4e2cc50 (10 bytes)
1772438665.399320 sending message 112 to peer 0x555bf4e2cc50 (12 bytes)
1772438665.399322 sending message 112 to peer 0x555bf4e2cc50 (13 bytes)
1772438665.399324 sending message 112 to peer 0x555bf4e2cc50 (13 bytes)
1772438665.399326 sending message 112 to peer 0x555bf4e2cc50 (13 bytes)
1772438665.399329 sending message 112 to peer 0x555bf4e2cc50 (13 bytes)
1772438665.399331 sending message 112 to peer 0x555bf4e2cc50 (13 bytes)
1772438665.399333 sending message 112 to peer 0x555bf4e2cc50 (10 bytes)
1772438665.399336 sending message 112 to peer 0x555bf4e2cc50 (11 bytes)
1772438665.399338 sending message 112 to peer 0x555bf4e2cc50 (12 bytes)
1772438665.399340 sending message 112 to peer 0x555bf4e2cc50 (12 bytes)
1772438665.399343 sending message 112 to peer 0x555bf4e2cc50 (12 bytes)
1772438665.399345 sending message 112 to peer 0x555bf4e2cc50 (12 bytes)
1772438665.399348 sending message 112 to peer 0x555bf4e2cc50 (12 bytes)
1772438665.399350 sending message 112 to peer 0x555bf4e2cc50 (11 bytes)
1772438665.399352 sending message 112 to peer 0x555bf4e2cc50 (12 bytes)
1772438665.399354 sending message 112 to peer 0x555bf4e2cc50 (12 bytes)
1772438665.399357 sending message 112 to peer 0x555bf4e2cc50 (13 bytes)
1772438665.399359 sending message 112 to peer 0x555bf4e2cc50 (13 bytes)
1772438665.399362 sending message 112 to peer 0x555bf4e2cc50 (13 bytes)
1772438665.399364 sending message 112 to peer 0x555bf4e2cc50 (13 bytes)
1772438665.399366 sending message 112 to peer 0x555bf4e2cc50 (13 bytes)
1772438665.399368 sending message 112 to peer 0x555bf4e2cc50 (10 bytes)
1772438665.399371 sending message 112 to peer 0x555bf4e2cc50 (9 bytes)
1772438665.399373 sending message 112 to peer 0x555bf4e2cc50 (12 bytes)
1772438665.399375 sending message 112 to peer 0x555bf4e2cc50 (13 bytes)
1772438665.399377 sending message 112 to peer 0x555bf4e2cc50 (13 bytes)
1772438665.399379 sending message 112 to peer 0x555bf4e2cc50 (13 bytes)
1772438665.399382 sending message 112 to peer 0x555bf4e2cc50 (13 bytes)
1772438665.399384 sending message 112 to peer 0x555bf4e2cc50 (13 bytes)
1772438665.399386 sending message 112 to peer 0x555bf4e2cc50 (9 bytes)
1772438665.399391 sending message 112 to peer 0x555bf4e2cc50 (12 bytes)
1772438665.399394 sending message 112 to peer 0x555bf4e2cc50 (13 bytes)
1772438665.399396 sending message 112 to peer 0x555bf4e2cc50 (13 bytes)
1772438665.399398 sending message 112 to peer 0x555bf4e2cc50 (13 bytes)
1772438665.399401 sending message 112 to peer 0x555bf4e2cc50 (13 bytes)
1772438665.399403 sending message 112 to peer 0x555bf4e2cc50 (13 bytes)
1772438665.399405 sending message 112 to peer 0x555bf4e2cc50 (11 bytes)
1772438665.399408 sending message 112 to peer 0x555bf4e2cc50 (12 bytes)
1772438665.399410 sending message 112 to peer 0x555bf4e2cc50 (13 bytes)
1772438665.399412 sending message 112 to peer 0x555bf4e2cc50 (13 bytes)
1772438665.399414 sending message 112 to peer 0x555bf4e2cc50 (13 bytes)
1772438665.399416 sending message 112 to peer 0x555bf4e2cc50 (13 bytes)
1772438665.399418 sending message 112 to peer 0x555bf4e2cc50 (13 bytes)
1772438665.399421 sending message 112 to peer 0x555bf4e2cc50 (11 bytes)
1772438665.399423 sending message 112 to peer 0x555bf4e2cc50 (12 bytes)
1772438665.399425 sending message 112 to peer 0x555bf4e2cc50 (12 bytes)
1772438665.399427 sending message 112 to peer 0x555bf4e2cc50 (12 bytes)
1772438665.399429 sending message 112 to peer 0x555bf4e2cc50 (12 bytes)
1772438665.399432 sending message 112 to peer 0x555bf4e2cc50 (12 bytes)
1772438665.399436 sending message 112 to peer 0x555bf4e2cc50 (21 bytes)
1772438665.399438 sending message 112 to peer 0x555bf4e2cc50 (12 bytes)
1772438665.399441 sending message 112 to peer 0x555bf4e2cc50 (9 bytes)
1772438665.399443 sending message 112 to peer 0x555bf4e2cc50 (6 bytes)
1772438665.399445 sending message 112 to peer 0x555bf4e2cc50 (13 bytes)
1772438665.399448 sending message 112 to peer 0x555bf4e2cc50 (10 bytes)
1772438665.399450 sending message 112 to peer 0x555bf4e2cc50 (24 bytes)
1772438665.399452 sending message 112 to peer 0x555bf4e2cc50 (13 bytes)
1772438665.399454 sending message 112 to peer 0x555bf4e2cc50 (9 bytes)
1772438665.399457 sending message 112 to peer 0x555bf4e2cc50 (70 bytes)
1772438665.399459 sending message 112 to peer 0x555bf4e2cc50 (69 bytes)
1772438665.399461 sending message 112 to peer 0x555bf4e2cc50 (12 bytes)
1772438665.399464 sending message 112 to peer 0x555bf4e2cc50 (10 bytes)
1772438665.399466 sending message 112 to peer 0x555bf4e2cc50 (10 bytes)
1772438665.399468 sending message 112 to peer 0x555bf4e2cc50 (24 bytes)
1772438665.399470 sending message 112 to peer 0x555bf4e2cc50 (13 bytes)
1772438665.399474 sending message 112 to peer 0x555bf4e2cc50 (10 bytes)
1772438665.399476 sending message 112 to peer 0x555bf4e2cc50 (10 bytes)
1772438665.399478 sending message 112 to peer 0x555bf4e2cc50 (10 bytes)
1772438665.399480 sending message 112 to peer 0x555bf4e2cc50 (13 bytes)
1772438665.399482 sending message 112 to peer 0x555bf4e2cc50 (15 bytes)
1772438665.399485 sending message 112 to peer 0x555bf4e2cc50 (5 bytes)
1772438665.399487 sending message 104 to peer 0x555bf4e2cc50 (0 bytes)
1772438665.399490 sending message 110 to peer 0x555bf4e2cc50 (0 bytes)
1772438665.399492 sending message 107 to peer 0x555bf4e2cc50 (4 bytes)
1772438665.399495 sending message 105 to peer 0x555bf4e2cc50 (35 bytes)
1772438665.399497 sending message 105 to peer 0x555bf4e2cc50 (16 bytes)
1772438665.399500 sending message 105 to peer 0x555bf4e2cc50 (15 bytes)
1772438665.399502 sending message 105 to peer 0x555bf4e2cc50 (31 bytes)
1772438665.399504 sending message 105 to peer 0x555bf4e2cc50 (20 bytes)
1772438665.399506 sending message 105 to peer 0x555bf4e2cc50 (21 bytes)
1772438665.399508 sending message 105 to peer 0x555bf4e2cc50 (21 bytes)
1772438665.399512 sending message 105 to peer 0x555bf4e2cc50 (91 bytes)
1772438665.399514 sending message 105 to peer 0x555bf4e2cc50 (22 bytes)
1772438665.399516 sending message 105 to peer 0x555bf4e2cc50 (22 bytes)
1772438665.399518 sending message 105 to peer 0x555bf4e2cc50 (27 bytes)
1772438665.399520 sending message 105 to peer 0x555bf4e2cc50 (76 bytes)
1772438665.399523 sending message 105 to peer 0x555bf4e2cc50 (108 bytes)
1772438665.399527 sending message 105 to peer 0x555bf4e2cc50 (25 bytes)
1772438665.399529 sending message 105 to peer 0x555bf4e2cc50 (21 bytes)
1772438665.399531 sending message 105 to peer 0x555bf4e2cc50 (40 bytes)
1772438665.399534 sending message 105 to peer 0x555bf4e2cc50 (13 bytes)
1772438665.399536 sending message 105 to peer 0x555bf4e2cc50 (17 bytes)
1772438665.399538 sending message 105 to peer 0x555bf4e2cc50 (31 bytes)
1772438665.399540 sending message 105 to peer 0x555bf4e2cc50 (15 bytes)
1772438665.399543 sending message 105 to peer 0x555bf4e2cc50 (72 bytes)
1772438665.399545 sending message 105 to peer 0x555bf4e2cc50 (11 bytes)
1772438665.399549 sending message 105 to peer 0x555bf4e2cc50 (31 bytes)
1772438665.399555 sending message 105 to peer 0x555bf4e2cc50 (40 bytes)
1772438665.399557 sending message 105 to peer 0x555bf4e2cc50 (55 bytes)
1772438665.399559 sending message 105 to peer 0x555bf4e2cc50 (35 bytes)
1772438665.399561 sending message 105 to peer 0x555bf4e2cc50 (19 bytes)
1772438665.399564 sending message 105 to peer 0x555bf4e2cc50 (24 bytes)
1772438665.399566 sending message 105 to peer 0x555bf4e2cc50 (16 bytes)
1772438665.399568 sending message 105 to peer 0x555bf4e2cc50 (13 bytes)
1772438665.399570 sending message 105 to peer 0x555bf4e2cc50 (22 bytes)
1772438665.399572 sending message 105 to peer 0x555bf4e2cc50 (44 bytes)
1772438665.399574 sending message 105 to peer 0x555bf4e2cc50 (21 bytes)
1772438665.399577 sending message 105 to peer 0x555bf4e2cc50 (23 bytes)
1772438665.399579 sending message 105 to peer 0x555bf4e2cc50 (115 bytes)
1772438665.399581 sending message 105 to peer 0x555bf4e2cc50 (23 bytes)
1772438665.399583 sending message 105 to peer 0x555bf4e2cc50 (10 bytes)
1772438665.399586 sending message 105 to peer 0x555bf4e2cc50 (87 bytes)
1772438665.399589 sending message 105 to peer 0x555bf4e2cc50 (22 bytes)
1772438665.399591 sending message 105 to peer 0x555bf4e2cc50 (91 bytes)
1772438665.399594 sending message 105 to peer 0x555bf4e2cc50 (132 bytes)
1772438665.399596 sending message 105 to peer 0x555bf4e2cc50 (14 bytes)
1772438665.399598 sending message 105 to peer 0x555bf4e2cc50 (58 bytes)
1772438665.399601 sending message 105 to peer 0x555bf4e2cc50 (32 bytes)
1772438665.399603 sending message 105 to peer 0x555bf4e2cc50 (12 bytes)
1772438665.399605 sending message 105 to peer 0x555bf4e2cc50 (8 bytes)
1772438665.399608 sending message 105 to peer 0x555bf4e2cc50 (26 bytes)
1772438665.399610 sending message 105 to peer 0x555bf4e2cc50 (26 bytes)
1772438665.399612 sending message 105 to peer 0x555bf4e2cc50 (28 bytes)
1772438665.399614 sending message 105 to peer 0x555bf4e2cc50 (77 bytes)
1772438665.399618 sending message 105 to peer 0x555bf4e2cc50 (30 bytes)
1772438665.399620 sending message 105 to peer 0x555bf4e2cc50 (54 bytes)
1772438665.399622 sending message 105 to peer 0x555bf4e2cc50 (20 bytes)
1772438665.399624 sending message 105 to peer 0x555bf4e2cc50 (70 bytes)
1772438665.399627 sending message 105 to peer 0x555bf4e2cc50 (22 bytes)
1772438665.399629 sending message 105 to peer 0x555bf4e2cc50 (426 bytes)
1772438665.399632 sending message 105 to peer 0x555bf4e2cc50 (52 bytes)
1772438665.399634 sending message 105 to peer 0x555bf4e2cc50 (35 bytes)
1772438665.399636 sending message 105 to peer 0x555bf4e2cc50 (87 bytes)
1772438665.399639 sending message 105 to peer 0x555bf4e2cc50 (20 bytes)
1772438665.399641 sending message 105 to peer 0x555bf4e2cc50 (150 bytes)
1772438665.399643 sending message 105 to peer 0x555bf4e2cc50 (28 bytes)
1772438665.399645 sending message 105 to peer 0x555bf4e2cc50 (16 bytes)
1772438665.399648 sending message 105 to peer 0x555bf4e2cc50 (54 bytes)
1772438665.399650 sending message 105 to peer 0x555bf4e2cc50 (11 bytes)
1772438665.399653 sending message 105 to peer 0x555bf4e2cc50 (111 bytes)
1772438665.399656 sending message 105 to peer 0x555bf4e2cc50 (20 bytes)
1772438665.399658 sending message 105 to peer 0x555bf4e2cc50 (18 bytes)
1772438665.399660 sending message 105 to peer 0x555bf4e2cc50 (29 bytes)
1772438665.399663 sending message 105 to peer 0x555bf4e2cc50 (17 bytes)
1772438665.399666 sending message 105 to peer 0x555bf4e2cc50 (20 bytes)
1772438665.399669 sending message 105 to peer 0x555bf4e2cc50 (123 bytes)
1772438665.399671 sending message 105 to peer 0x555bf4e2cc50 (109 bytes)
1772438665.399673 sending message 105 to peer 0x555bf4e2cc50 (31 bytes)
1772438665.399675 sending message 105 to peer 0x555bf4e2cc50 (140 bytes)
1772438665.399677 sending message 105 to peer 0x555bf4e2cc50 (54 bytes)
1772438665.399680 sending message 105 to peer 0x555bf4e2cc50 (78 bytes)
1772438665.399682 sending message 105 to peer 0x555bf4e2cc50 (19 bytes)
1772438665.399685 sending message 105 to peer 0x555bf4e2cc50 (14 bytes)
1772438665.399688 sending message 105 to peer 0x555bf4e2cc50 (19 bytes)
1772438665.399691 sending message 105 to peer 0x555bf4e2cc50 (20 bytes)
1772438665.399693 sending message 105 to peer 0x555bf4e2cc50 (24 bytes)
1772438665.399695 sending message 105 to peer 0x555bf4e2cc50 (37 bytes)
1772438665.399698 sending message 105 to peer 0x555bf4e2cc50 (7 bytes)
1772438665.399700 sending message 105 to peer 0x555bf4e2cc50 (11 bytes)
1772438665.399702 sending message 105 to peer 0x555bf4e2cc50 (45 bytes)
1772438665.399704 sending message 105 to peer 0x555bf4e2cc50 (14 bytes)
1772438665.399707 sending message 105 to peer 0x555bf4e2cc50 (30 bytes)
1772438665.399709 sending message 105 to peer 0x555bf4e2cc50 (23 bytes)
1772438665.399711 sending message 105 to peer 0x555bf4e2cc50 (30 bytes)
1772438665.399713 sending message 105 to peer 0x555bf4e2cc50 (34 bytes)
1772438665.399715 sending message 105 to peer 0x555bf4e2cc50 (35 bytes)
1772438665.399718 sending message 106 to peer 0x555bf4e2cc50 (0 bytes)
1772438665.399724 sending message 200 to peer 0x555bf4e2cc50 (4 bytes)
1772438665.399726 client loop enter
1772438665.401478 peer 0x555bf4e2cc50 message 207
1772438665.401489 sending message 208 to peer 0x555bf4e2cc50 (0 bytes)
1772438677.123067 client_signal: Window changed
1772438677.123087 sending message 208 to peer 0x555bf4e2cc50 (0 bytes)
1772438677.123291 client_signal: Window changed
1772438677.123297 sending message 208 to peer 0x555bf4e2cc50 (0 bytes)
1772438677.123373 client_signal: Window changed
1772438677.123378 sending message 208 to peer 0x555bf4e2cc50 (0 bytes)
1772438854.444198 client_signal: Hangup
1772438854.444221 sending message 205 to peer 0x555bf4e2cc50 (0 bytes)
1772438854.444424 peer 0x555bf4e2cc50 message 204
1772438854.444430 client loop exit
